                                      1 ;--------------------------------------------------------
                                      2 ; File Created by SDCC : free open source ISO C Compiler
                                      3 ; Version 4.5.0 #15242 (MINGW64)
                                      4 ;--------------------------------------------------------
                                      5 	.module buttonlib
                                      6 	
                                      7 	.optsdcc -mmcs51 --model-small
                                      8 ;--------------------------------------------------------
                                      9 ; Public variables in this module
                                     10 ;--------------------------------------------------------
                                     11 	.globl _CY
                                     12 	.globl _AC
                                     13 	.globl _F0
                                     14 	.globl _RS1
                                     15 	.globl _RS0
                                     16 	.globl _OV
                                     17 	.globl _F1
                                     18 	.globl _P
                                     19 	.globl _PS
                                     20 	.globl _PT1
                                     21 	.globl _PX1
                                     22 	.globl _PT0
                                     23 	.globl _PX0
                                     24 	.globl _RD
                                     25 	.globl _WR
                                     26 	.globl _T1
                                     27 	.globl _T0
                                     28 	.globl _INT1
                                     29 	.globl _INT0
                                     30 	.globl _TXD
                                     31 	.globl _RXD
                                     32 	.globl _P3_7
                                     33 	.globl _P3_6
                                     34 	.globl _P3_5
                                     35 	.globl _P3_4
                                     36 	.globl _P3_3
                                     37 	.globl _P3_2
                                     38 	.globl _P3_1
                                     39 	.globl _P3_0
                                     40 	.globl _EA
                                     41 	.globl _ES
                                     42 	.globl _ET1
                                     43 	.globl _EX1
                                     44 	.globl _ET0
                                     45 	.globl _EX0
                                     46 	.globl _P2_7
                                     47 	.globl _P2_6
                                     48 	.globl _P2_5
                                     49 	.globl _P2_4
                                     50 	.globl _P2_3
                                     51 	.globl _P2_2
                                     52 	.globl _P2_1
                                     53 	.globl _P2_0
                                     54 	.globl _SM0
                                     55 	.globl _SM1
                                     56 	.globl _SM2
                                     57 	.globl _REN
                                     58 	.globl _TB8
                                     59 	.globl _RB8
                                     60 	.globl _TI
                                     61 	.globl _RI
                                     62 	.globl _P1_7
                                     63 	.globl _P1_6
                                     64 	.globl _P1_5
                                     65 	.globl _P1_4
                                     66 	.globl _P1_3
                                     67 	.globl _P1_2
                                     68 	.globl _P1_1
                                     69 	.globl _P1_0
                                     70 	.globl _TF1
                                     71 	.globl _TR1
                                     72 	.globl _TF0
                                     73 	.globl _TR0
                                     74 	.globl _IE1
                                     75 	.globl _IT1
                                     76 	.globl _IE0
                                     77 	.globl _IT0
                                     78 	.globl _P0_7
                                     79 	.globl _P0_6
                                     80 	.globl _P0_5
                                     81 	.globl _P0_4
                                     82 	.globl _P0_3
                                     83 	.globl _P0_2
                                     84 	.globl _P0_1
                                     85 	.globl _P0_0
                                     86 	.globl _B
                                     87 	.globl _ACC
                                     88 	.globl _PSW
                                     89 	.globl _IP
                                     90 	.globl _P3
                                     91 	.globl _IE
                                     92 	.globl _P2
                                     93 	.globl _SBUF
                                     94 	.globl _SCON
                                     95 	.globl _P1
                                     96 	.globl _TH1
                                     97 	.globl _TH0
                                     98 	.globl _TL1
                                     99 	.globl _TL0
                                    100 	.globl _TMOD
                                    101 	.globl _TCON
                                    102 	.globl _PCON
                                    103 	.globl _DPH
                                    104 	.globl _DPL
                                    105 	.globl _SP
                                    106 	.globl _P0
                                    107 	.globl _AnyButtonPressed
                                    108 	.globl _ButtonToChar
                                    109 ;--------------------------------------------------------
                                    110 ; special function registers
                                    111 ;--------------------------------------------------------
                                    112 	.area RSEG    (ABS,DATA)
      000000                        113 	.org 0x0000
                           000080   114 _P0	=	0x0080
                           000081   115 _SP	=	0x0081
                           000082   116 _DPL	=	0x0082
                           000083   117 _DPH	=	0x0083
                           000087   118 _PCON	=	0x0087
                           000088   119 _TCON	=	0x0088
                           000089   120 _TMOD	=	0x0089
                           00008A   121 _TL0	=	0x008a
                           00008B   122 _TL1	=	0x008b
                           00008C   123 _TH0	=	0x008c
                           00008D   124 _TH1	=	0x008d
                           000090   125 _P1	=	0x0090
                           000098   126 _SCON	=	0x0098
                           000099   127 _SBUF	=	0x0099
                           0000A0   128 _P2	=	0x00a0
                           0000A8   129 _IE	=	0x00a8
                           0000B0   130 _P3	=	0x00b0
                           0000B8   131 _IP	=	0x00b8
                           0000D0   132 _PSW	=	0x00d0
                           0000E0   133 _ACC	=	0x00e0
                           0000F0   134 _B	=	0x00f0
                                    135 ;--------------------------------------------------------
                                    136 ; special function bits
                                    137 ;--------------------------------------------------------
                                    138 	.area RSEG    (ABS,DATA)
      000000                        139 	.org 0x0000
                           000080   140 _P0_0	=	0x0080
                           000081   141 _P0_1	=	0x0081
                           000082   142 _P0_2	=	0x0082
                           000083   143 _P0_3	=	0x0083
                           000084   144 _P0_4	=	0x0084
                           000085   145 _P0_5	=	0x0085
                           000086   146 _P0_6	=	0x0086
                           000087   147 _P0_7	=	0x0087
                           000088   148 _IT0	=	0x0088
                           000089   149 _IE0	=	0x0089
                           00008A   150 _IT1	=	0x008a
                           00008B   151 _IE1	=	0x008b
                           00008C   152 _TR0	=	0x008c
                           00008D   153 _TF0	=	0x008d
                           00008E   154 _TR1	=	0x008e
                           00008F   155 _TF1	=	0x008f
                           000090   156 _P1_0	=	0x0090
                           000091   157 _P1_1	=	0x0091
                           000092   158 _P1_2	=	0x0092
                           000093   159 _P1_3	=	0x0093
                           000094   160 _P1_4	=	0x0094
                           000095   161 _P1_5	=	0x0095
                           000096   162 _P1_6	=	0x0096
                           000097   163 _P1_7	=	0x0097
                           000098   164 _RI	=	0x0098
                           000099   165 _TI	=	0x0099
                           00009A   166 _RB8	=	0x009a
                           00009B   167 _TB8	=	0x009b
                           00009C   168 _REN	=	0x009c
                           00009D   169 _SM2	=	0x009d
                           00009E   170 _SM1	=	0x009e
                           00009F   171 _SM0	=	0x009f
                           0000A0   172 _P2_0	=	0x00a0
                           0000A1   173 _P2_1	=	0x00a1
                           0000A2   174 _P2_2	=	0x00a2
                           0000A3   175 _P2_3	=	0x00a3
                           0000A4   176 _P2_4	=	0x00a4
                           0000A5   177 _P2_5	=	0x00a5
                           0000A6   178 _P2_6	=	0x00a6
                           0000A7   179 _P2_7	=	0x00a7
                           0000A8   180 _EX0	=	0x00a8
                           0000A9   181 _ET0	=	0x00a9
                           0000AA   182 _EX1	=	0x00aa
                           0000AB   183 _ET1	=	0x00ab
                           0000AC   184 _ES	=	0x00ac
                           0000AF   185 _EA	=	0x00af
                           0000B0   186 _P3_0	=	0x00b0
                           0000B1   187 _P3_1	=	0x00b1
                           0000B2   188 _P3_2	=	0x00b2
                           0000B3   189 _P3_3	=	0x00b3
                           0000B4   190 _P3_4	=	0x00b4
                           0000B5   191 _P3_5	=	0x00b5
                           0000B6   192 _P3_6	=	0x00b6
                           0000B7   193 _P3_7	=	0x00b7
                           0000B0   194 _RXD	=	0x00b0
                           0000B1   195 _TXD	=	0x00b1
                           0000B2   196 _INT0	=	0x00b2
                           0000B3   197 _INT1	=	0x00b3
                           0000B4   198 _T0	=	0x00b4
                           0000B5   199 _T1	=	0x00b5
                           0000B6   200 _WR	=	0x00b6
                           0000B7   201 _RD	=	0x00b7
                           0000B8   202 _PX0	=	0x00b8
                           0000B9   203 _PT0	=	0x00b9
                           0000BA   204 _PX1	=	0x00ba
                           0000BB   205 _PT1	=	0x00bb
                           0000BC   206 _PS	=	0x00bc
                           0000D0   207 _P	=	0x00d0
                           0000D1   208 _F1	=	0x00d1
                           0000D2   209 _OV	=	0x00d2
                           0000D3   210 _RS0	=	0x00d3
                           0000D4   211 _RS1	=	0x00d4
                           0000D5   212 _F0	=	0x00d5
                           0000D6   213 _AC	=	0x00d6
                           0000D7   214 _CY	=	0x00d7
                                    215 ;--------------------------------------------------------
                                    216 ; overlayable register banks
                                    217 ;--------------------------------------------------------
                                    218 	.area REG_BANK_0	(REL,OVR,DATA)
      000000                        219 	.ds 8
                                    220 ;--------------------------------------------------------
                                    221 ; internal ram data
                                    222 ;--------------------------------------------------------
                                    223 	.area DSEG    (DATA)
                                    224 ;--------------------------------------------------------
                                    225 ; overlayable items in internal ram
                                    226 ;--------------------------------------------------------
                                    227 	.area	OSEG    (OVR,DATA)
                                    228 ;--------------------------------------------------------
                                    229 ; indirectly addressable internal ram data
                                    230 ;--------------------------------------------------------
                                    231 	.area ISEG    (DATA)
                                    232 ;--------------------------------------------------------
                                    233 ; absolute internal ram data
                                    234 ;--------------------------------------------------------
                                    235 	.area IABS    (ABS,DATA)
                                    236 	.area IABS    (ABS,DATA)
                                    237 ;--------------------------------------------------------
                                    238 ; bit data
                                    239 ;--------------------------------------------------------
                                    240 	.area BSEG    (BIT)
      000000                        241 _AnyButtonPressed_sloc0_1_0:
      000000                        242 	.ds 1
                                    243 ;--------------------------------------------------------
                                    244 ; paged external ram data
                                    245 ;--------------------------------------------------------
                                    246 	.area PSEG    (PAG,XDATA)
                                    247 ;--------------------------------------------------------
                                    248 ; uninitialized external ram data
                                    249 ;--------------------------------------------------------
                                    250 	.area XSEG    (XDATA)
                                    251 ;--------------------------------------------------------
                                    252 ; absolute external ram data
                                    253 ;--------------------------------------------------------
                                    254 	.area XABS    (ABS,XDATA)
                                    255 ;--------------------------------------------------------
                                    256 ; initialized external ram data
                                    257 ;--------------------------------------------------------
                                    258 	.area XISEG   (XDATA)
                                    259 	.area HOME    (CODE)
                                    260 	.area GSINIT0 (CODE)
                                    261 	.area GSINIT1 (CODE)
                                    262 	.area GSINIT2 (CODE)
                                    263 	.area GSINIT3 (CODE)
                                    264 	.area GSINIT4 (CODE)
                                    265 	.area GSINIT5 (CODE)
                                    266 	.area GSINIT  (CODE)
                                    267 	.area GSFINAL (CODE)
                                    268 	.area CSEG    (CODE)
                                    269 ;--------------------------------------------------------
                                    270 ; global & static initialisations
                                    271 ;--------------------------------------------------------
                                    272 	.area HOME    (CODE)
                                    273 	.area GSINIT  (CODE)
                                    274 	.area GSFINAL (CODE)
                                    275 	.area GSINIT  (CODE)
                                    276 ;--------------------------------------------------------
                                    277 ; Home
                                    278 ;--------------------------------------------------------
                                    279 	.area HOME    (CODE)
                                    280 	.area HOME    (CODE)
                                    281 ;--------------------------------------------------------
                                    282 ; code
                                    283 ;--------------------------------------------------------
                                    284 	.area CSEG    (CODE)
                                    285 ;------------------------------------------------------------
                                    286 ;Allocation info for local variables in function 'AnyButtonPressed'
                                    287 ;------------------------------------------------------------
                                    288 ;	buttonlib.c:9: char AnyButtonPressed(void)
                                    289 ;	-----------------------------------------
                                    290 ;	 function AnyButtonPressed
                                    291 ;	-----------------------------------------
      000000                        292 _AnyButtonPressed:
                           000007   293 	ar7 = 0x07
                           000006   294 	ar6 = 0x06
                           000005   295 	ar5 = 0x05
                           000004   296 	ar4 = 0x04
                           000003   297 	ar3 = 0x03
                           000002   298 	ar2 = 0x02
                           000001   299 	ar1 = 0x01
                           000000   300 	ar0 = 0x00
                                    301 ;	buttonlib.c:11: return (P2 != 0xFF);
      000000 74 FF            [12]  302 	mov	a,#0xff
      000002 B5 A0 03         [24]  303 	cjne	a,_P2,00103$
      000005 D3               [12]  304 	setb	c
      000006 80 01            [24]  305 	sjmp	00104$
      000008                        306 00103$:
      000008 C3               [12]  307 	clr	c
      000009                        308 00104$:
      000009 B3               [12]  309 	cpl	c
      00000A 92*00            [24]  310 	mov	_AnyButtonPressed_sloc0_1_0,c
      00000C E4               [12]  311 	clr	a
      00000D 33               [12]  312 	rlc	a
      00000E F5 82            [12]  313 	mov	dpl,a
                                    314 ;	buttonlib.c:12: }
      000010 22               [24]  315 	ret
                                    316 ;------------------------------------------------------------
                                    317 ;Allocation info for local variables in function 'ButtonToChar'
                                    318 ;------------------------------------------------------------
                                    319 ;pressed       Allocated to registers r7 
                                    320 ;------------------------------------------------------------
                                    321 ;	buttonlib.c:14: char ButtonToChar(void)
                                    322 ;	-----------------------------------------
                                    323 ;	 function ButtonToChar
                                    324 ;	-----------------------------------------
      000011                        325 _ButtonToChar:
                                    326 ;	buttonlib.c:16: unsigned char pressed = ~P2;
      000011 E5 A0            [12]  327 	mov	a,_P2
      000013 F4               [12]  328 	cpl	a
                                    329 ;	buttonlib.c:18: if (pressed & 0x80) return '7';
      000014 FF               [12]  330 	mov	r7,a
      000015 30 E7 04         [24]  331 	jnb	acc.7,00102$
      000018 75 82 37         [24]  332 	mov	dpl, #0x37
      00001B 22               [24]  333 	ret
      00001C                        334 00102$:
                                    335 ;	buttonlib.c:19: if (pressed & 0x40) return '6';
      00001C EF               [12]  336 	mov	a,r7
      00001D 30 E6 04         [24]  337 	jnb	acc.6,00104$
      000020 75 82 36         [24]  338 	mov	dpl, #0x36
      000023 22               [24]  339 	ret
      000024                        340 00104$:
                                    341 ;	buttonlib.c:20: if (pressed & 0x20) return '5';
      000024 EF               [12]  342 	mov	a,r7
      000025 30 E5 04         [24]  343 	jnb	acc.5,00106$
      000028 75 82 35         [24]  344 	mov	dpl, #0x35
      00002B 22               [24]  345 	ret
      00002C                        346 00106$:
                                    347 ;	buttonlib.c:21: if (pressed & 0x10) return '4';
      00002C EF               [12]  348 	mov	a,r7
      00002D 30 E4 04         [24]  349 	jnb	acc.4,00108$
      000030 75 82 34         [24]  350 	mov	dpl, #0x34
      000033 22               [24]  351 	ret
      000034                        352 00108$:
                                    353 ;	buttonlib.c:22: if (pressed & 0x08) return '3';
      000034 EF               [12]  354 	mov	a,r7
      000035 30 E3 04         [24]  355 	jnb	acc.3,00110$
      000038 75 82 33         [24]  356 	mov	dpl, #0x33
      00003B 22               [24]  357 	ret
      00003C                        358 00110$:
                                    359 ;	buttonlib.c:23: if (pressed & 0x04) return '2';
      00003C EF               [12]  360 	mov	a,r7
      00003D 30 E2 04         [24]  361 	jnb	acc.2,00112$
      000040 75 82 32         [24]  362 	mov	dpl, #0x32
      000043 22               [24]  363 	ret
      000044                        364 00112$:
                                    365 ;	buttonlib.c:24: if (pressed & 0x02) return '1';
      000044 EF               [12]  366 	mov	a,r7
      000045 30 E1 04         [24]  367 	jnb	acc.1,00114$
      000048 75 82 31         [24]  368 	mov	dpl, #0x31
      00004B 22               [24]  369 	ret
      00004C                        370 00114$:
                                    371 ;	buttonlib.c:25: if (pressed & 0x01) return '0';
      00004C EF               [12]  372 	mov	a,r7
      00004D 30 E0 04         [24]  373 	jnb	acc.0,00116$
      000050 75 82 30         [24]  374 	mov	dpl, #0x30
      000053 22               [24]  375 	ret
      000054                        376 00116$:
                                    377 ;	buttonlib.c:27: return '\0';
      000054 75 82 00         [24]  378 	mov	dpl, #0x00
                                    379 ;	buttonlib.c:28: }
      000057 22               [24]  380 	ret
                                    381 	.area CSEG    (CODE)
                                    382 	.area CONST   (CODE)
                                    383 	.area XINIT   (CODE)
                                    384 	.area CABS    (ABS,CODE)
